0 info it worked if it ends with ok
1 verbose cli [ 'C:\\Program Files\\nodejs\\node.exe',
1 verbose cli   'C:\\Program Files\\nodejs\\node_modules\\npm\\bin\\npm-cli.js',
1 verbose cli   'run',
1 verbose cli   'deploy' ]
2 info using npm@3.3.12
3 info using node@v5.2.0
4 verbose run-script [ 'predeploy', 'deploy', 'postdeploy' ]
5 info lifecycle stu-webpack-react-starter@1.0.0~predeploy: stu-webpack-react-starter@1.0.0
6 silly lifecycle stu-webpack-react-starter@1.0.0~predeploy: no script for predeploy, continuing
7 info lifecycle stu-webpack-react-starter@1.0.0~deploy: stu-webpack-react-starter@1.0.0
8 verbose lifecycle stu-webpack-react-starter@1.0.0~deploy: unsafe-perm in lifecycle true
9 verbose lifecycle stu-webpack-react-starter@1.0.0~deploy: PATH: C:\Program Files\nodejs\node_modules\npm\bin\node-gyp-bin;e:\Dev\AW\aw-testing\node_modules\.bin;C:\Program Files\ConEmu;C:\Program Files\ConEmu\ConEmu;C:\Program Files (x86)\NVIDIA Corporation\PhysX\Common;C:\Program Files (x86)\Intel\iCLS Client\;C:\Program Files\Intel\iCLS Client\;C:\WINDOWS\system32;C:\WINDOWS;C:\WINDOWS\System32\Wbem;C:\WINDOWS\System32\WindowsPowerShell\v1.0\;C:\Program Files\Intel\Intel(R) Management Engine Components\DAL;C:\Program Files (x86)\Intel\Intel(R) Management Engine Components\DAL;C:\Program Files\Intel\Intel(R) Management Engine Components\IPT;C:\Program Files (x86)\Intel\Intel(R) Management Engine Components\IPT;C:\Program Files\Intel\WiFi\bin\;C:\Program Files\Common Files\Intel\WirelessCommon\;C:\Program Files (x86)\Microsoft SQL Server\Client SDK\ODBC\110\Tools\Binn\;C:\Program Files (x86)\Microsoft SQL Server\130\Tools\Binn\ManagementStudio\;C:\Program Files (x86)\Microsoft SQL Server\130\Tools\Binn\;C:\Program Files (x86)\Microsoft SQL Server\130\DTS\Binn\;C:\Program Files\Microsoft SQL Server\120\DTS\Binn\;C:\Program Files\Microsoft SQL Server\Client SDK\ODBC\110\Tools\Binn\;C:\Program Files (x86)\Microsoft SQL Server\120\Tools\Binn\;C:\Program Files\Microsoft SQL Server\120\Tools\Binn\;C:\Program Files (x86)\Microsoft SQL Server\120\Tools\Binn\ManagementStudio\;C:\Program Files (x86)\Microsoft SQL Server\120\DTS\Binn\;C:\Program Files (x86)\Windows Kits\8.1\Windows Performance Toolkit\;C:\Program Files\Microsoft SQL Server\110\Tools\Binn\;C:\Program Files (x86)\Microsoft SDKs\TypeScript\1.0\;D:\Program Files (x86)\Microsoft Visual Studio 12.0\Common7\IDE\PrivateAssemblies\;C:\Program Files (x86)\Skype\Phone\;C:\Program Files\Microsoft\Web Platform Installer\;C:\Program Files\Git\bin;C:\Program Files\Git\cmd;C:\Program Files (x86)\Git\bin;C:\Program Files (x86)\Git\cmd;C:\Python27;C:\Python27\lib;C:\Python27\libs;C:\Program Files\OpenVPN\bin;C:\Program Files (x86)\Heroku\bin;C:\Program Files (x86)\git\cmd;D:\Google Drive\Dev\WebDev\MEAN-Stack\funnyphoto.io\node_modules\phantomjs\lib\phantom\;C:\Program Files\nodejs\;C:\Users\stuar_000\AppData\Local\Programs\Python\Python35-32\Scripts\;C:\Users\stuar_000\AppData\Local\Programs\Python\Python35-32\;C:\Users\stuar_000\AppData\Roaming\npm;C:\Users\stuar_000\AppData\Local\atom\bin
10 verbose lifecycle stu-webpack-react-starter@1.0.0~deploy: CWD: e:\Dev\AW\aw-testing
11 silly lifecycle stu-webpack-react-starter@1.0.0~deploy: Args: [ '/d /s /c', 'NODE_ENV=production webpack -p' ]
12 silly lifecycle stu-webpack-react-starter@1.0.0~deploy: Returned: code: 1  signal: null
13 info lifecycle stu-webpack-react-starter@1.0.0~deploy: Failed to exec deploy script
14 verbose stack Error: stu-webpack-react-starter@1.0.0 deploy: `NODE_ENV=production webpack -p`
14 verbose stack Exit status 1
14 verbose stack     at EventEmitter.<anonymous> (C:\Program Files\nodejs\node_modules\npm\lib\utils\lifecycle.js:232:16)
14 verbose stack     at emitTwo (events.js:88:13)
14 verbose stack     at EventEmitter.emit (events.js:173:7)
14 verbose stack     at ChildProcess.<anonymous> (C:\Program Files\nodejs\node_modules\npm\lib\utils\spawn.js:24:14)
14 verbose stack     at emitTwo (events.js:88:13)
14 verbose stack     at ChildProcess.emit (events.js:173:7)
14 verbose stack     at maybeClose (internal/child_process.js:819:16)
14 verbose stack     at Process.ChildProcess._handle.onexit (internal/child_process.js:212:5)
15 verbose pkgid stu-webpack-react-starter@1.0.0
16 verbose cwd e:\Dev\AW\aw-testing
17 error Windows_NT 10.0.10586
18 error argv "C:\\Program Files\\nodejs\\node.exe" "C:\\Program Files\\nodejs\\node_modules\\npm\\bin\\npm-cli.js" "run" "deploy"
19 error node v5.2.0
20 error npm  v3.3.12
21 error code ELIFECYCLE
22 error stu-webpack-react-starter@1.0.0 deploy: `NODE_ENV=production webpack -p`
22 error Exit status 1
23 error Failed at the stu-webpack-react-starter@1.0.0 deploy script 'NODE_ENV=production webpack -p'.
23 error Make sure you have the latest version of node.js and npm installed.
23 error If you do, this is most likely a problem with the stu-webpack-react-starter package,
23 error not with npm itself.
23 error Tell the author that this fails on your system:
23 error     NODE_ENV=production webpack -p
23 error You can get their info via:
23 error     npm owner ls stu-webpack-react-starter
23 error There is likely additional logging output above.
24 verbose exit [ 1, true ]
